【异常时间】：2019-01-13 23:37:46,826 
【自定义错误】：Unable to resolve service for type 'Core.IServices.IBlogArticleServices' while attempting to activate 'CoreWebApi.Controllers.BlogController'. 
【异常类型】：InvalidOperationException 
【异常信息】：Unable to resolve service for type 'Core.IServices.IBlogArticleServices' while attempting to activate 'CoreWebApi.Controllers.BlogController'. 
【堆栈调用】：   at Microsoft.Extensions.DependencyInjection.ActivatorUtilities.GetService(IServiceProvider sp, Type type, Type requiredBy, Boolean isDefaultParameterRequired)
   at lambda_method(Closure , IServiceProvider , Object[] )
   at Microsoft.AspNetCore.Mvc.Controllers.ControllerActivatorProvider.<>c__DisplayClass4_0.<CreateActivator>b__0(ControllerContext controllerContext)
   at Microsoft.AspNetCore.Mvc.Controllers.ControllerFactoryProvider.<>c__DisplayClass5_0.<CreateControllerFactory>g__CreateController|0(ControllerContext controllerContext)
   at Microsoft.AspNetCore.Mvc.Internal.ControllerActionInvoker.Next(State& next, Scope& scope, Object& state, Boolean& isCompleted)
   at Microsoft.AspNetCore.Mvc.Internal.ControllerActionInvoker.InvokeInnerFilterAsync()
   at Microsoft.AspNetCore.Mvc.Internal.ResourceInvoker.InvokeNextExceptionFilterAsync()
--------------------------------------------------------------------
【异常时间】：2019-01-13 23:38:44,477 
【自定义错误】：Unable to resolve service for type 'Core.IServices.IBlogArticleServices' while attempting to activate 'CoreWebApi.Controllers.BlogController'. 
【异常类型】：InvalidOperationException 
【异常信息】：Unable to resolve service for type 'Core.IServices.IBlogArticleServices' while attempting to activate 'CoreWebApi.Controllers.BlogController'. 
【堆栈调用】：   at Microsoft.Extensions.DependencyInjection.ActivatorUtilities.GetService(IServiceProvider sp, Type type, Type requiredBy, Boolean isDefaultParameterRequired)
   at lambda_method(Closure , IServiceProvider , Object[] )
   at Microsoft.AspNetCore.Mvc.Controllers.ControllerActivatorProvider.<>c__DisplayClass4_0.<CreateActivator>b__0(ControllerContext controllerContext)
   at Microsoft.AspNetCore.Mvc.Controllers.ControllerFactoryProvider.<>c__DisplayClass5_0.<CreateControllerFactory>g__CreateController|0(ControllerContext controllerContext)
   at Microsoft.AspNetCore.Mvc.Internal.ControllerActionInvoker.Next(State& next, Scope& scope, Object& state, Boolean& isCompleted)
   at Microsoft.AspNetCore.Mvc.Internal.ControllerActionInvoker.InvokeInnerFilterAsync()
   at Microsoft.AspNetCore.Mvc.Internal.ResourceInvoker.InvokeNextExceptionFilterAsync()
--------------------------------------------------------------------
【异常时间】：2019-01-13 23:39:12,766 
【自定义错误】：Unable to resolve service for type 'Core.IServices.IBlogArticleServices' while attempting to activate 'CoreWebApi.Controllers.BlogController'. 
【异常类型】：InvalidOperationException 
【异常信息】：Unable to resolve service for type 'Core.IServices.IBlogArticleServices' while attempting to activate 'CoreWebApi.Controllers.BlogController'. 
【堆栈调用】：   at Microsoft.Extensions.DependencyInjection.ActivatorUtilities.GetService(IServiceProvider sp, Type type, Type requiredBy, Boolean isDefaultParameterRequired)
   at lambda_method(Closure , IServiceProvider , Object[] )
   at Microsoft.AspNetCore.Mvc.Controllers.ControllerActivatorProvider.<>c__DisplayClass4_0.<CreateActivator>b__0(ControllerContext controllerContext)
   at Microsoft.AspNetCore.Mvc.Controllers.ControllerFactoryProvider.<>c__DisplayClass5_0.<CreateControllerFactory>g__CreateController|0(ControllerContext controllerContext)
   at Microsoft.AspNetCore.Mvc.Internal.ControllerActionInvoker.Next(State& next, Scope& scope, Object& state, Boolean& isCompleted)
   at Microsoft.AspNetCore.Mvc.Internal.ControllerActionInvoker.InvokeInnerFilterAsync()
   at Microsoft.AspNetCore.Mvc.Internal.ResourceInvoker.InvokeNextExceptionFilterAsync()
--------------------------------------------------------------------
【异常时间】：2019-01-13 23:40:59,662 
【自定义错误】：Unable to resolve service for type 'Core.IServices.IBlogArticleServices' while attempting to activate 'CoreWebApi.Controllers.BlogController'. 
【异常类型】：InvalidOperationException 
【异常信息】：Unable to resolve service for type 'Core.IServices.IBlogArticleServices' while attempting to activate 'CoreWebApi.Controllers.BlogController'. 
【堆栈调用】：   at Microsoft.Extensions.DependencyInjection.ActivatorUtilities.GetService(IServiceProvider sp, Type type, Type requiredBy, Boolean isDefaultParameterRequired)
   at lambda_method(Closure , IServiceProvider , Object[] )
   at Microsoft.AspNetCore.Mvc.Controllers.ControllerActivatorProvider.<>c__DisplayClass4_0.<CreateActivator>b__0(ControllerContext controllerContext)
   at Microsoft.AspNetCore.Mvc.Controllers.ControllerFactoryProvider.<>c__DisplayClass5_0.<CreateControllerFactory>g__CreateController|0(ControllerContext controllerContext)
   at Microsoft.AspNetCore.Mvc.Internal.ControllerActionInvoker.Next(State& next, Scope& scope, Object& state, Boolean& isCompleted)
   at Microsoft.AspNetCore.Mvc.Internal.ControllerActionInvoker.InvokeInnerFilterAsync()
   at Microsoft.AspNetCore.Mvc.Internal.ResourceInvoker.InvokeNextExceptionFilterAsync()
--------------------------------------------------------------------
